* installing *source* package ‘bamp’ ...
** this is package ‘bamp’ version ‘2.1.6’
** using staged installation
** libs
using C compiler: ‘Apple clang version 21.0.0 (clang-2100.1.1.101)’
using C++ compiler: ‘Apple clang version 21.0.0 (clang-2100.1.1.101)’
using SDK: ‘MacOSX26.5.sdk’
clang++ -std=gnu++20 -I"/opt/homebrew/Cellar/r/4.6.0/lib/R/include" -DNDEBUG   -I/opt/homebrew/opt/gettext/include -I/opt/homebrew/opt/readline/include -I/opt/homebrew/opt/xz/include -I/opt/homebrew/include    -fPIC  -g -O2   -c bamp.cc -o bamp.o
clang++ -std=gnu++20 -I"/opt/homebrew/Cellar/r/4.6.0/lib/R/include" -DNDEBUG   -I/opt/homebrew/opt/gettext/include -I/opt/homebrew/opt/readline/include -I/opt/homebrew/opt/xz/include -I/opt/homebrew/include    -fPIC  -g -O2   -c block.cc -o block.o
clang -std=gnu23 -I"/opt/homebrew/Cellar/r/4.6.0/lib/R/include" -DNDEBUG   -I/opt/homebrew/opt/gettext/include -I/opt/homebrew/opt/readline/include -I/opt/homebrew/opt/xz/include -I/opt/homebrew/include    -fPIC  -g -O2  -c init.c -o init.o
clang++ -std=gnu++20 -I"/opt/homebrew/Cellar/r/4.6.0/lib/R/include" -DNDEBUG   -I/opt/homebrew/opt/gettext/include -I/opt/homebrew/opt/readline/include -I/opt/homebrew/opt/xz/include -I/opt/homebrew/include    -fPIC  -g -O2   -c l.cc -o l.o
clang++ -std=gnu++20 -I"/opt/homebrew/Cellar/r/4.6.0/lib/R/include" -DNDEBUG   -I/opt/homebrew/opt/gettext/include -I/opt/homebrew/opt/readline/include -I/opt/homebrew/opt/xz/include -I/opt/homebrew/include    -fPIC  -g -O2   -c matrix.cc -o matrix.o
clang++ -std=gnu++20 -I"/opt/homebrew/Cellar/r/4.6.0/lib/R/include" -DNDEBUG   -I/opt/homebrew/opt/gettext/include -I/opt/homebrew/opt/readline/include -I/opt/homebrew/opt/xz/include -I/opt/homebrew/include    -fPIC  -g -O2   -c mxs.cc -o mxs.o
clang++ -std=gnu++20 -I"/opt/homebrew/Cellar/r/4.6.0/lib/R/include" -DNDEBUG   -I/opt/homebrew/opt/gettext/include -I/opt/homebrew/opt/readline/include -I/opt/homebrew/opt/xz/include -I/opt/homebrew/include    -fPIC  -g -O2   -c praez.cc -o praez.o
clang++ -std=gnu++20 -I"/opt/homebrew/Cellar/r/4.6.0/lib/R/include" -DNDEBUG   -I/opt/homebrew/opt/gettext/include -I/opt/homebrew/opt/readline/include -I/opt/homebrew/opt/xz/include -I/opt/homebrew/include    -fPIC  -g -O2   -c update_my.cc -o update_my.o
clang++ -std=gnu++20 -I"/opt/homebrew/Cellar/r/4.6.0/lib/R/include" -DNDEBUG   -I/opt/homebrew/opt/gettext/include -I/opt/homebrew/opt/readline/include -I/opt/homebrew/opt/xz/include -I/opt/homebrew/include    -fPIC  -g -O2   -c zufall.cc -o zufall.o
clang++ -std=gnu++20 -I"/opt/homebrew/Cellar/r/4.6.0/lib/R/include" -DNDEBUG   -I/opt/homebrew/opt/gettext/include -I/opt/homebrew/opt/readline/include -I/opt/homebrew/opt/xz/include -I/opt/homebrew/include    -fPIC  -g -O2   -c zz_ksi.cc -o zz_ksi.o
clang++ -std=gnu++20 -dynamiclib -Wl,-headerpad_max_install_names -undefined dynamic_lookup -L/opt/homebrew/Cellar/r/4.6.0/lib/R/lib -L/opt/homebrew/opt/gettext/lib -L/opt/homebrew/opt/readline/lib -L/opt/homebrew/opt/xz/lib -L/opt/homebrew/lib -o bamp.so bamp.o block.o init.o l.o matrix.o mxs.o praez.o update_my.o zufall.o zz_ksi.o -L/opt/homebrew/Cellar/r/4.6.0/lib/R/lib -lRlapack -L/opt/homebrew/opt/openblas/lib -lopenblas -L/opt/homebrew/opt/gcc/lib/gcc/current/gcc/aarch64-apple-darwin25/15 -L/opt/homebrew/opt/gcc/lib/gcc/current/gcc -L/opt/homebrew/opt/gcc/lib/gcc/current -lemutls_w -lheapt_w -lgfortran -lquadmath -L/opt/homebrew/Cellar/r/4.6.0/lib/R/lib -lR
installing to /Users/volkerschmid/projects/bamp/bamp.Rcheck/00LOCK-bamp/00new/bamp/libs
** R
** data
*** moving datasets to lazyload DB
** inst
** byte-compile and prepare package for lazy loading
** help
*** installing help indices
** building package indices
** installing vignettes
** testing if installed package can be loaded from temporary location
** checking absolute paths in shared objects and dynamic libraries
** testing if installed package can be loaded from final location
** testing if installed package keeps a record of temporary installation path
* DONE (bamp)
